<?xml version="1.0" encoding="UTF-8"?>
<!-- Generated by org.testng.reporters.JUnitReportReporter -->
<testsuite skipped="0" hostname="DESKTOP-8C4CL6D" name="com.lib.Variables_testing" tests="1" failures="0" timestamp="06 May 2020 07:15:53 GMT" time="0.000" errors="0">
  <testcase name="Jenkins" time="0.000" classname="com.lib.Variables_testing"/>
</testsuite> <!-- com.lib.Variables_testing -->
