<?xml version="1.0" encoding="UTF-8"?>
<!-- Generated by org.testng.reporters.JUnitReportReporter -->
<testsuite skipped="0" hostname="DESKTOP-8C4CL6D" name="com.lib.Maven_Demo1" tests="1" failures="0" timestamp="03 May 2020 07:53:26 GMT" time="14.333" errors="0">
  <testcase name="login_Ebay" time="14.333" classname="com.lib.Maven_Demo1"/>
</testsuite> <!-- com.lib.Maven_Demo1 -->
