<?xml version="1.0" encoding="UTF-8"?>
<!-- Generated by org.testng.reporters.JUnitReportReporter -->
<testsuite skipped="0" hostname="DESKTOP-8C4CL6D" name="com.lib.Maven_Demo1" tests="1" failures="0" timestamp="18 Jan 2019 13:34:27 GMT" time="19.580" errors="0">
  <testcase name="login_Ebay" time="19.580" classname="com.lib.Maven_Demo1"/>
</testsuite> <!-- com.lib.Maven_Demo1 -->
