<?xml version="1.0" encoding="UTF-8"?>
<!-- Generated by org.testng.reporters.JUnitReportReporter -->
<testsuite skipped="0" hostname="DESKTOP-8C4CL6D" name="com.lib.Maven_Demo1" tests="1" failures="0" timestamp="06 May 2020 06:59:53 GMT" time="19.522" errors="0">
  <testcase name="login_Ebay" time="19.522" classname="com.lib.Maven_Demo1"/>
</testsuite> <!-- com.lib.Maven_Demo1 -->
